<?xml version="1.0" encoding="UTF-8"?>
<!-- Generated by org.testng.reporters.JUnitXMLReporter -->
<testsuite hostname="LAPTOP-7MH8S9EP" ignored="0" name="run_Firefox" tests="3" failures="1" timestamp="01 Dec 2021 09:04:34 GMT" time="32.306" errors="0">
  <testcase name="Employee_1_Add_New_Employee" time="22.35" classname="HRM_Employee.Employee_1_Add_Employee">
    <failure type="java.lang.AssertionError" message="expected [KHOA1] but found [KHOA]">
      <![CDATA[java.lang.AssertionError: expected [KHOA1] but found [KHOA]
at Commons.BaseTest.checkEquals(BaseTest.java:132)
at Commons.BaseTest.verifyEquals(BaseTest.java:146)
at HRM_Employee.Employee_1_Add_Employee.Employee_1_Add_New_Employee(Employee_1_Add_Employee.java:97)
... Removed 30 stack frames]]>
    </failure>
  </testcase> <!-- Employee_1_Add_New_Employee -->
  <testcase name="Employee_2_Upload_Avatar" time="0.002" classname="HRM_Employee.Employee_1_Add_Employee"/>
  <testcase name="Employee_3_Edit_Personal_Detail" time="0.002" classname="HRM_Employee.Employee_1_Add_Employee"/>
</testsuite> <!-- run_Firefox -->
