<?xml version="1.0" encoding="UTF-8"?>
<testng-results skipped="0" failed="1" ignored="0" total="3" passed="2">
  <reporter-output>
    <line>
      <![CDATA[[INFO ] [2021-12-02 15:21:14,805] Pre-conditon: Step1: Open Browerchromego tohttps://opensource-demo.orangehrmlive.com/
<br>]]>
    </line>
    <line>
      <![CDATA[[INFO ] [2021-12-02 15:21:20,438] Pre-conditon: Step2: Login by admin role
<br>]]>
    </line>
    <line>
      <![CDATA[[INFO ] [2021-12-02 15:21:24,128]  AddNewEmployee - Step 1: open 'Employee list' 
<br>]]>
    </line>
    <line>
      <![CDATA[[INFO ] [2021-12-02 15:21:26,629]  AddNewEmployee - Step 2: click 'add' button
<br>]]>
    </line>
    <line>
      <![CDATA[[INFO ] [2021-12-02 15:21:27,380]  AddNewEmployee - Step 3: enter valid to 'Frist Name' textbox
<br>]]>
    </line>
    <line>
      <![CDATA[[INFO ] [2021-12-02 15:21:27,506]  AddNewEmployee - Step 4: enter valid to 'Last Name' textbox
<br>]]>
    </line>
    <line>
      <![CDATA[[INFO ] [2021-12-02 15:21:27,628]  AddNewEmployee - Step 5: Get value of 'Employee ID'
<br>]]>
    </line>
    <line>
      <![CDATA[[INFO ] [2021-12-02 15:21:27,684]  AddNewEmployee - Step 6: click to 'create login detail'
<br>]]>
    </line>
    <line>
      <![CDATA[[INFO ] [2021-12-02 15:21:27,817]  AddNewEmployee - Step 7: enter 'User name' textbox
<br>]]>
    </line>
    <line>
      <![CDATA[[INFO ] [2021-12-02 15:21:27,936]  AddNewEmployee - Step 8: enter 'password' textbox
<br>]]>
    </line>
    <line>
      <![CDATA[[INFO ] [2021-12-02 15:21:28,066]  AddNewEmployee - Step 9: enter 'confirm password' textbox
<br>]]>
    </line>
    <line>
      <![CDATA[[INFO ] [2021-12-02 15:21:28,205]  AddNewEmployee - Step 10: select 'status' checkbox = enable 
<br>]]>
    </line>
    <line>
      <![CDATA[[INFO ] [2021-12-02 15:21:28,342]  AddNewEmployee - Step 11: click 'save' button
<br>]]>
    </line>
    <line>
      <![CDATA[[INFO ] [2021-12-02 15:21:28,451]  AddNewEmployee - Step 12: open 'Employee list' 
<br>]]>
    </line>
    <line>
      <![CDATA[[INFO ] [2021-12-02 15:21:30,409]  AddNewEmployee - Step 13: enter valid to 'employee Name' textbox
<br>]]>
    </line>
    <line>
      <![CDATA[[INFO ] [2021-12-02 15:21:40,578]  AddNewEmployee - Step 14: click 'search' button
<br>]]>
    </line>
    <line>
      <![CDATA[[INFO ] [2021-12-02 15:21:46,129]  AddNewEmployee - Step 15: Verify emplyeee info at table
<br>]]>
    </line>
    <line>
      <![CDATA[[INFO ] [2021-12-02 15:21:46,221]  -------------------------- FAILED -------------------------- 
<br>]]>
    </line>
    <line>
      <![CDATA[[INFO ] [2021-12-02 15:21:46,441] Post-Condition: Close browerchrome
<br>]]>
    </line>
  </reporter-output>
  <suite name="HRM" duration-ms="32308" started-at="2021-12-02T08:21:14Z" finished-at="2021-12-02T08:21:47Z">
    <groups>
    </groups>
    <test name="run_Firefox" duration-ms="32308" started-at="2021-12-02T08:21:14Z" finished-at="2021-12-02T08:21:47Z">
      <class name="HRM_Employee.Employee_1_Add_Employee">
        <test-method status="PASS" signature="deleteALlFilesInReportScreenshot()[pri:0, instance:HRM_Employee.Employee_1_Add_Employee@10b3df93]" name="deleteALlFilesInReportScreenshot" is-config="true" duration-ms="27" started-at="2021-12-02T08:21:14Z" finished-at="2021-12-02T08:21:14Z">
          <reporter-output>
          </reporter-output>
        </test-method> <!-- deleteALlFilesInReportScreenshot -->
        <test-method status="PASS" signature="beforeClass(java.lang.String, java.lang.String)[pri:0, instance:HRM_Employee.Employee_1_Add_Employee@10b3df93]" name="beforeClass" is-config="true" duration-ms="9287" started-at="2021-12-02T08:21:14Z" finished-at="2021-12-02T08:21:24Z">
          <params>
            <param index="0">
              <value>
                <![CDATA[chrome]]>
              </value>
            </param>
            <param index="1">
              <value>
                <![CDATA[https://opensource-demo.orangehrmlive.com/]]>
              </value>
            </param>
          </params>
          <reporter-output>
            <line>
              <![CDATA[[INFO ] [2021-12-02 15:21:14,805] Pre-conditon: Step1: Open Browerchromego tohttps://opensource-demo.orangehrmlive.com/
<br>]]>
            </line>
            <line>
              <![CDATA[[INFO ] [2021-12-02 15:21:20,438] Pre-conditon: Step2: Login by admin role
<br>]]>
            </line>
          </reporter-output>
        </test-method> <!-- beforeClass -->
        <test-method status="FAIL" signature="Employee_1_Add_New_Employee()[pri:0, instance:HRM_Employee.Employee_1_Add_Employee@10b3df93]" name="Employee_1_Add_New_Employee" duration-ms="22132" started-at="2021-12-02T08:21:24Z" finished-at="2021-12-02T08:21:46Z">
          <exception class="java.lang.AssertionError">
            <message>
              <![CDATA[expected [KHOA1123] but found [KHOA]]]>
            </message>
            <full-stacktrace>
              <![CDATA[java.lang.AssertionError: expected [KHOA1123] but found [KHOA]
at org.testng.Assert.fail(Assert.java:96)
at org.testng.Assert.failNotEquals(Assert.java:776)
at org.testng.Assert.assertEqualsImpl(Assert.java:137)
at org.testng.Assert.assertEquals(Assert.java:118)
at org.testng.Assert.assertEquals(Assert.java:442)
at Commons.BaseTest.checkEquals(BaseTest.java:132)
at Commons.BaseTest.verifyEquals(BaseTest.java:146)
at HRM_Employee.Employee_1_Add_Employee.Employee_1_Add_New_Employee(Employee_1_Add_Employee.java:97)
at sun.reflect.NativeMethodAccessorImpl.invoke0(Native Method)
at sun.reflect.NativeMethodAccessorImpl.invoke(Unknown Source)
at sun.reflect.DelegatingMethodAccessorImpl.invoke(Unknown Source)
at java.lang.reflect.Method.invoke(Unknown Source)
at org.testng.internal.MethodInvocationHelper.invokeMethod(MethodInvocationHelper.java:124)
at org.testng.internal.Invoker.invokeMethod(Invoker.java:583)
at org.testng.internal.Invoker.invokeTestMethod(Invoker.java:719)
at org.testng.internal.Invoker.invokeTestMethods(Invoker.java:989)
at org.testng.internal.TestMethodWorker.invokeTestMethods(TestMethodWorker.java:125)
at org.testng.internal.TestMethodWorker.run(TestMethodWorker.java:109)
at org.testng.TestRunner.privateRun(TestRunner.java:648)
at org.testng.TestRunner.run(TestRunner.java:505)
at org.testng.SuiteRunner.runTest(SuiteRunner.java:455)
at org.testng.SuiteRunner.runSequentially(SuiteRunner.java:450)
at org.testng.SuiteRunner.privateRun(SuiteRunner.java:415)
at org.testng.SuiteRunner.run(SuiteRunner.java:364)
at org.testng.SuiteRunnerWorker.runSuite(SuiteRunnerWorker.java:52)
at org.testng.SuiteRunnerWorker.run(SuiteRunnerWorker.java:84)
at org.testng.TestNG.runSuitesSequentially(TestNG.java:1208)
at org.testng.TestNG.runSuitesLocally(TestNG.java:1137)
at org.testng.TestNG.runSuites(TestNG.java:1049)
at org.testng.TestNG.run(TestNG.java:1017)
at org.testng.remote.AbstractRemoteTestNG.run(AbstractRemoteTestNG.java:115)
at org.testng.remote.RemoteTestNG.initAndRun(RemoteTestNG.java:251)
at org.testng.remote.RemoteTestNG.main(RemoteTestNG.java:77)
]]>
            </full-stacktrace>
          </exception> <!-- java.lang.AssertionError -->
          <reporter-output>
            <line>
              <![CDATA[[INFO ] [2021-12-02 15:21:24,128]  AddNewEmployee - Step 1: open 'Employee list' 
<br>]]>
            </line>
            <line>
              <![CDATA[[INFO ] [2021-12-02 15:21:26,629]  AddNewEmployee - Step 2: click 'add' button
<br>]]>
            </line>
            <line>
              <![CDATA[[INFO ] [2021-12-02 15:21:27,380]  AddNewEmployee - Step 3: enter valid to 'Frist Name' textbox
<br>]]>
            </line>
            <line>
              <![CDATA[[INFO ] [2021-12-02 15:21:27,506]  AddNewEmployee - Step 4: enter valid to 'Last Name' textbox
<br>]]>
            </line>
            <line>
              <![CDATA[[INFO ] [2021-12-02 15:21:27,628]  AddNewEmployee - Step 5: Get value of 'Employee ID'
<br>]]>
            </line>
            <line>
              <![CDATA[[INFO ] [2021-12-02 15:21:27,684]  AddNewEmployee - Step 6: click to 'create login detail'
<br>]]>
            </line>
            <line>
              <![CDATA[[INFO ] [2021-12-02 15:21:27,817]  AddNewEmployee - Step 7: enter 'User name' textbox
<br>]]>
            </line>
            <line>
              <![CDATA[[INFO ] [2021-12-02 15:21:27,936]  AddNewEmployee - Step 8: enter 'password' textbox
<br>]]>
            </line>
            <line>
              <![CDATA[[INFO ] [2021-12-02 15:21:28,066]  AddNewEmployee - Step 9: enter 'confirm password' textbox
<br>]]>
            </line>
            <line>
              <![CDATA[[INFO ] [2021-12-02 15:21:28,205]  AddNewEmployee - Step 10: select 'status' checkbox = enable 
<br>]]>
            </line>
            <line>
              <![CDATA[[INFO ] [2021-12-02 15:21:28,342]  AddNewEmployee - Step 11: click 'save' button
<br>]]>
            </line>
            <line>
              <![CDATA[[INFO ] [2021-12-02 15:21:28,451]  AddNewEmployee - Step 12: open 'Employee list' 
<br>]]>
            </line>
            <line>
              <![CDATA[[INFO ] [2021-12-02 15:21:30,409]  AddNewEmployee - Step 13: enter valid to 'employee Name' textbox
<br>]]>
            </line>
            <line>
              <![CDATA[[INFO ] [2021-12-02 15:21:40,578]  AddNewEmployee - Step 14: click 'search' button
<br>]]>
            </line>
            <line>
              <![CDATA[[INFO ] [2021-12-02 15:21:46,129]  AddNewEmployee - Step 15: Verify emplyeee info at table
<br>]]>
            </line>
            <line>
              <![CDATA[[INFO ] [2021-12-02 15:21:46,221]  -------------------------- FAILED -------------------------- 
<br>]]>
            </line>
          </reporter-output>
        </test-method> <!-- Employee_1_Add_New_Employee -->
        <test-method status="PASS" signature="Employee_2_Upload_Avatar()[pri:0, instance:HRM_Employee.Employee_1_Add_Employee@10b3df93]" name="Employee_2_Upload_Avatar" duration-ms="2" started-at="2021-12-02T08:21:46Z" finished-at="2021-12-02T08:21:46Z">
          <reporter-output>
          </reporter-output>
        </test-method> <!-- Employee_2_Upload_Avatar -->
        <test-method status="PASS" signature="Employee_3_Edit_Personal_Detail()[pri:0, instance:HRM_Employee.Employee_1_Add_Employee@10b3df93]" name="Employee_3_Edit_Personal_Detail" duration-ms="2" started-at="2021-12-02T08:21:46Z" finished-at="2021-12-02T08:21:46Z">
          <reporter-output>
          </reporter-output>
        </test-method> <!-- Employee_3_Edit_Personal_Detail -->
        <test-method status="PASS" signature="cleanBrower(java.lang.String)[pri:0, instance:HRM_Employee.Employee_1_Add_Employee@10b3df93]" name="cleanBrower" is-config="true" duration-ms="619" started-at="2021-12-02T08:21:46Z" finished-at="2021-12-02T08:21:47Z">
          <params>
            <param index="0">
              <value>
                <![CDATA[chrome]]>
              </value>
            </param>
          </params>
          <reporter-output>
            <line>
              <![CDATA[[INFO ] [2021-12-02 15:21:46,441] Post-Condition: Close browerchrome
<br>]]>
            </line>
          </reporter-output>
        </test-method> <!-- cleanBrower -->
      </class> <!-- HRM_Employee.Employee_1_Add_Employee -->
    </test> <!-- run_Firefox -->
  </suite> <!-- HRM -->
</testng-results>
